   Compiling cfg-if v1.0.4
   Compiling smallvec v1.15.1
   Compiling itoa v1.0.18
   Compiling log v0.4.29
   Compiling pin-project-lite v0.2.17
   Compiling scopeguard v1.2.0
   Compiling equivalent v1.0.2
   Compiling futures-core v0.3.32
   Compiling stable_deref_trait v1.2.1
   Compiling allocator-api2 v0.2.21
   Compiling foldhash v0.2.0
   Compiling libc v0.2.183
   Compiling bytes v1.11.1
   Compiling futures-sink v0.3.32
   Compiling zerofrom v0.1.6
   Compiling slab v0.4.12
   Compiling bitflags v2.11.0
   Compiling unicode-segmentation v1.12.0
   Compiling lock_api v0.4.14
   Compiling once_cell v1.21.4
   Compiling memchr v2.8.0
   Compiling futures-channel v0.3.32
   Compiling yoke v0.8.1
   Compiling zeroize v1.8.2
   Compiling litemap v0.8.1
   Compiling writeable v0.6.2
   Compiling futures-io v0.3.32
   Compiling futures-task v0.3.32
   Compiling either v1.15.0
   Compiling rustls-pki-types v1.14.0
   Compiling tracing-core v0.1.36
   Compiling zerovec v0.11.5
   Compiling zerotrie v0.2.3
   Compiling thiserror v2.0.18
   Compiling castaway v0.2.4
   Compiling serde_core v1.0.228
   Compiling untrusted v0.9.0
   Compiling static_assertions v1.1.0
   Compiling ryu v1.0.23
   Compiling unicode-width v0.2.2
   Compiling icu_properties_data v2.1.2
   Compiling hashbrown v0.16.1
   Compiling strum v0.27.2
   Compiling icu_normalizer_data v2.1.1
   Compiling itertools v0.14.0
   Compiling convert_case v0.10.0
   Compiling powerfmt v0.2.0
   Compiling subtle v2.6.1
   Compiling compact_str v0.9.0
   Compiling try-lock v0.2.5
   Compiling percent-encoding v2.3.2
   Compiling atomic-waker v1.1.2
   Compiling tower-service v0.3.3
   Compiling futures-util v0.3.32
   Compiling http v1.4.0
   Compiling fnv v1.0.7
   Compiling want v0.3.1
   Compiling tracing v0.1.44
   Compiling derive_more-impl v2.1.1
   Compiling deranged v0.5.8
   Compiling httparse v1.10.1
   Compiling num-conv v0.2.0
   Compiling tinystr v0.8.2
   Compiling potential_utf v0.1.4
   Compiling time-core v0.1.8
   Compiling num_threads v0.1.7
   Compiling icu_collections v2.1.1
   Compiling pin-utils v0.1.0
   Compiling linux-raw-sys v0.12.1
   Compiling line-clipping v0.3.5
   Compiling icu_locale_core v2.1.1
   Compiling errno v0.3.14
   Compiling parking_lot_core v0.9.12
   Compiling mio v1.1.1
   Compiling jobserver v0.1.34
   Compiling signal-hook-registry v1.4.8
   Compiling socket2 v0.6.3
   Compiling indexmap v2.13.0
   Compiling parking_lot v0.12.5
   Compiling lru v0.16.3
   Compiling cc v1.2.57
   Compiling kasuari v0.4.12
   Compiling signal-hook v0.3.18
   Compiling derive_more v2.1.1
   Compiling rustix v1.1.4
   Compiling sync_wrapper v1.0.2
   Compiling tokio v1.50.0
   Compiling http-body v1.0.1
   Compiling signal-hook-mio v0.2.5
   Compiling base64 v0.22.1
   Compiling openssl-probe v0.2.1
   Compiling tower-layer v0.3.3
   Compiling option-ext v0.2.0
   Compiling utf8_iter v1.0.4
   Compiling ipnet v2.12.0
   Compiling icu_provider v2.1.1
   Compiling dirs-sys v0.5.0
   Compiling rustls-native-certs v0.8.3
   Compiling zmij v1.0.21
   Compiling form_urlencoded v1.2.2
   Compiling unicode-truncate v2.0.1
   Compiling time v0.3.47
   Compiling iri-string v0.7.10
   Compiling winnow v1.0.0
   Compiling icu_properties v2.1.2
   Compiling ratatui-core v0.1.0
   Compiling icu_normalizer v2.1.1
   Compiling crossterm v0.29.0
   Compiling dirs v6.0.0
   Compiling http-body-util v0.1.3
   Compiling encoding_rs v0.8.35
   Compiling toml_writer v1.0.7+spec-1.1.0
   Compiling cmake v0.1.57
   Compiling toml_parser v1.0.10+spec-1.1.0
   Compiling mime v0.3.17
   Compiling shellexpand v3.1.2
   Compiling anyhow v1.0.102
   Compiling toml_datetime v1.0.1+spec-1.1.0
   Compiling serde_json v1.0.149
   Compiling serde_spanned v1.0.4
   Compiling serde v1.0.228
   Compiling aws-lc-sys v0.39.0
   Compiling toml v1.0.7+spec-1.1.0
   Compiling idna_adapter v1.2.1
   Compiling ratatui-widgets v0.3.0
   Compiling ratatui-crossterm v0.1.0
   Compiling idna v1.1.0
   Compiling futures-executor v0.3.32
   Compiling url v2.5.8
   Compiling futures v0.3.32
   Compiling ratatui-macros v0.7.0
   Compiling ratatui v0.30.0
   Compiling tokio-util v0.7.18
   Compiling tower v0.5.3
   Compiling h2 v0.4.13
   Compiling tower-http v0.6.8
   Compiling hyper v1.8.1
   Compiling hyper-util v0.1.20
   Compiling aws-lc-rs v1.16.2
   Compiling rustls v0.23.37
   Compiling rustls-webpki v0.103.9
   Compiling tokio-rustls v0.26.4
   Compiling rustls-platform-verifier v0.6.2
   Compiling hyper-rustls v0.27.7
   Compiling reqwest v0.13.2
   Compiling fumi v0.1.0 (/home/sineva/prjkt/rust/fumi)
warning: unused imports: `GithubError` and `TreeEntry`
 --> src/github/mod.rs:2:41
  |
2 | pub use types::{EntryType, GithubEntry, GithubError, TreeEntry};
  |                                         ^^^^^^^^^^^  ^^^^^^^^^
  |
  = note: `#[warn(unused_imports)]` (part of `#[warn(unused)]`) on by default

warning: unused imports: `Constraint`, `Direction`, and `Layout`
 --> src/ui/input.rs:3:14
  |
3 |     layout::{Constraint, Direction, Layout, Rect},
  |              ^^^^^^^^^^  ^^^^^^^^^  ^^^^^^

warning: field `0` is never read
  --> src/app.rs:11:11
   |
11 |     Error(String),
   |     ----- ^^^^^^
   |     |
   |     field in this variant
   |
   = note: `AppMode` has a derived impl for the trait `Debug`, but this is intentionally ignored during dead code analysis
   = note: `#[warn(dead_code)]` (part of `#[warn(unused)]`) on by default
help: consider changing the field to be of unit type to suppress this warning while preserving the field numbering, or remove the field
   |
11 -     Error(String),
11 +     Error(()),
   |

warning: variant `Unloaded` is never constructed
  --> src/app.rs:16:5
   |
15 | pub enum NodeState {
   |          --------- variant in this enum
16 |     Unloaded,
   |     ^^^^^^^^
   |
   = note: `NodeState` has a derived impl for the trait `Debug`, but this is intentionally ignored during dead code analysis

warning: fields `downloaded` and `total` are never read
  --> src/app.rs:24:19
   |
24 |     Downloading { downloaded: u64, total: u64 },
   |     -----------   ^^^^^^^^^^       ^^^^^
   |     |
   |     fields in this variant
   |
   = note: `DownloadState` has a derived impl for the trait `Debug`, but this is intentionally ignored during dead code analysis

warning: variants `Queued` and `Error` are never constructed
  --> src/app.rs:23:5
   |
22 | pub enum DownloadState {
   |          ------------- variants in this enum
23 |     Queued,
   |     ^^^^^^
...
26 |     Error(String),
   |     ^^^^^
   |
   = note: `DownloadState` has a derived impl for the trait `Debug`, but this is intentionally ignored during dead code analysis

warning: variant `FullTree` is never constructed
  --> src/app.rs:32:5
   |
30 | pub enum TreeStrategy {
   |          ------------ variant in this enum
31 |     Lazy,
32 |     FullTree,
   |     ^^^^^^^^
   |
   = note: `TreeStrategy` has derived impls for the traits `Clone` and `Debug`, but these are intentionally ignored during dead code analysis

warning: field `strategy` is never read
  --> src/app.rs:52:9
   |
43 | pub struct App {
   |            --- field in this struct
...
52 |     pub strategy: TreeStrategy,
   |         ^^^^^^^^
   |
   = note: `App` has a derived impl for the trait `Debug`, but this is intentionally ignored during dead code analysis

warning: field `token` is never read
 --> src/config.rs:8:9
  |
7 | pub struct AuthConfig {
  |            ---------- field in this struct
8 |     pub token: Option<String>,
  |         ^^^^^
  |
  = note: `AuthConfig` has a derived impl for the trait `Debug`, but this is intentionally ignored during dead code analysis

warning: field `tree_strategy_threshold` is never read
  --> src/config.rs:23:9
   |
22 | pub struct PerformanceConfig {
   |            ----------------- field in this struct
23 |     pub tree_strategy_threshold: Option<usize>,
   |         ^^^^^^^^^^^^^^^^^^^^^^^
   |
   = note: `PerformanceConfig` has a derived impl for the trait `Debug`, but this is intentionally ignored during dead code analysis

warning: fields `auth` and `performance` are never read
  --> src/config.rs:28:9
   |
27 | pub struct Config {
   |            ------ fields in this struct
28 |     pub auth: Option<AuthConfig>,
   |         ^^^^
...
31 |     pub performance: Option<PerformanceConfig>,
   |         ^^^^^^^^^^^
   |
   = note: `Config` has a derived impl for the trait `Debug`, but this is intentionally ignored during dead code analysis

warning: variant `Cancel` is never constructed
 --> src/event.rs:8:5
  |
4 | pub enum AppCommand {
  |          ---------- variant in this enum
...
8 |     Cancel,
  |     ^^^^^^
  |
  = note: `AppCommand` has a derived impl for the trait `Debug`, but this is intentionally ignored during dead code analysis

warning: field `path` is never read
  --> src/event.rs:24:9
   |
22 |     Done {
   |     ---- field in this variant
23 |         id: u64,
24 |         path: String,
   |         ^^^^
   |
   = note: `WorkerEvent` has a derived impl for the trait `Debug`, but this is intentionally ignored during dead code analysis

warning: field `id` is never read
  --> src/event.rs:30:9
   |
29 |     Error {
   |     ----- field in this variant
30 |         id: u64,
   |         ^^
   |
   = note: `WorkerEvent` has a derived impl for the trait `Debug`, but this is intentionally ignored during dead code analysis

warning: fields `sha` and `size` are never read
  --> src/github/types.rs:11:9
   |
 8 | pub struct GithubEntry {
   |            ----------- fields in this struct
...
11 |     pub sha: String,
   |         ^^^
12 |     pub size: u64,
   |         ^^^^
   |
   = note: `GithubEntry` has derived impls for the traits `Clone` and `Debug`, but these are intentionally ignored during dead code analysis

warning: struct `TreeEntry` is never constructed
  --> src/github/types.rs:18:12
   |
18 | pub struct TreeEntry {
   |            ^^^^^^^^^

warning: struct `GithubError` is never constructed
  --> src/github/types.rs:26:12
   |
26 | pub struct GithubError {
   |            ^^^^^^^^^^^

warning: `fumi` (bin "fumi") generated 17 warnings (run `cargo fix --bin "fumi" -p fumi` to apply 2 suggestions)
    Finished `dev` profile [unoptimized + debuginfo] target(s) in 21.20s
     Running `target/debug/fumi`
[api] status=404 Not Found body={
  "message": "Not Found",
  "documentation_url": "https://docs.github.com/rest",
  "status": "404"
}
[event] Error { id: 0, msg: "HTTP 404 Not Found: {\r\n  \"message\": \"Not Found\",\r\n  \"documentation_url\": \"https://docs.github.com/rest\",\r\n  \"status\": \"404\"\r\n}" }
[error] HTTP 404 Not Found: {
  "message": "Not Found",
  "documentation_url": "https://docs.github.com/rest",
  "status": "404"
}
